-------------------------------------------------------------------------------
Test set: org.example.ExpenseRecordServiceImplTest
-------------------------------------------------------------------------------
Tests run: 25, Failures: 2, Errors: 4, Skipped: 0, Time elapsed: 1.705 s <<< FAILURE! -- in org.example.ExpenseRecordServiceImplTest
org.example.ExpenseRecordServiceImplTest.page_nullCategory -- Time elapsed: 0.036 s <<< ERROR!
java.lang.ClassCastException: class java.util.ImmutableCollections$ListN cannot be cast to class com.github.pagehelper.Page (java.util.ImmutableCollections$ListN is in module java.base of loader 'bootstrap'; com.github.pagehelper.Page is in unnamed module of loader 'app')
	at org.example.service.Impl.ExpenseRecordServiceImpl.page(ExpenseRecordServiceImpl.java:29)
	at org.example.ExpenseRecordServiceImplTest.page_nullCategory(ExpenseRecordServiceImplTest.java:71)
	at java.base/java.lang.reflect.Method.invoke(Method.java:568)
	at java.base/java.util.ArrayList.forEach(ArrayList.java:1511)
	at java.base/java.util.ArrayList.forEach(ArrayList.java:1511)

org.example.ExpenseRecordServiceImplTest.page_emptyResult -- Time elapsed: 0.003 s <<< ERROR!
java.lang.ClassCastException: class java.util.LinkedList cannot be cast to class com.github.pagehelper.Page (java.util.LinkedList is in module java.base of loader 'bootstrap'; com.github.pagehelper.Page is in unnamed module of loader 'app')
	at org.example.service.Impl.ExpenseRecordServiceImpl.page(ExpenseRecordServiceImpl.java:29)
	at org.example.ExpenseRecordServiceImplTest.page_emptyResult(ExpenseRecordServiceImplTest.java:50)
	at java.base/java.lang.reflect.Method.invoke(Method.java:568)
	at java.base/java.util.ArrayList.forEach(ArrayList.java:1511)
	at java.base/java.util.ArrayList.forEach(ArrayList.java:1511)

org.example.ExpenseRecordServiceImplTest.delete_nullId -- Time elapsed: 0.003 s <<< FAILURE!
org.opentest4j.AssertionFailedError: Expected java.lang.NullPointerException to be thrown, but nothing was thrown.
	at org.junit.jupiter.api.AssertionFailureBuilder.build(AssertionFailureBuilder.java:152)
	at org.junit.jupiter.api.AssertThrows.assertThrows(AssertThrows.java:73)
	at org.junit.jupiter.api.AssertThrows.assertThrows(AssertThrows.java:35)
	at org.junit.jupiter.api.Assertions.assertThrows(Assertions.java:3128)
	at org.example.ExpenseRecordServiceImplTest.delete_nullId(ExpenseRecordServiceImplTest.java:138)
	at java.base/java.lang.reflect.Method.invoke(Method.java:568)
	at java.base/java.util.ArrayList.forEach(ArrayList.java:1511)
	at java.base/java.util.ArrayList.forEach(ArrayList.java:1511)

org.example.ExpenseRecordServiceImplTest.page_boundaryMinMax -- Time elapsed: 0.002 s <<< ERROR!
java.lang.ClassCastException: class java.util.LinkedList cannot be cast to class com.github.pagehelper.Page (java.util.LinkedList is in module java.base of loader 'bootstrap'; com.github.pagehelper.Page is in unnamed module of loader 'app')
	at org.example.service.Impl.ExpenseRecordServiceImpl.page(ExpenseRecordServiceImpl.java:29)
	at org.example.ExpenseRecordServiceImplTest.page_boundaryMinMax(ExpenseRecordServiceImplTest.java:58)
	at java.base/java.lang.reflect.Method.invoke(Method.java:568)
	at java.base/java.util.ArrayList.forEach(ArrayList.java:1511)
	at java.base/java.util.ArrayList.forEach(ArrayList.java:1511)

org.example.ExpenseRecordServiceImplTest.page_validRange -- Time elapsed: 0.003 s <<< ERROR!
java.lang.ClassCastException: class java.util.LinkedList cannot be cast to class com.github.pagehelper.Page (java.util.LinkedList is in module java.base of loader 'bootstrap'; com.github.pagehelper.Page is in unnamed module of loader 'app')
	at org.example.service.Impl.ExpenseRecordServiceImpl.page(ExpenseRecordServiceImpl.java:29)
	at org.example.ExpenseRecordServiceImplTest.page_validRange(ExpenseRecordServiceImplTest.java:42)
	at java.base/java.lang.reflect.Method.invoke(Method.java:568)
	at java.base/java.util.ArrayList.forEach(ArrayList.java:1511)
	at java.base/java.util.ArrayList.forEach(ArrayList.java:1511)

org.example.ExpenseRecordServiceImplTest.page_invalidPageSizeZero -- Time elapsed: 0.004 s <<< FAILURE!
org.opentest4j.AssertionFailedError: Unexpected exception type thrown, expected: <java.lang.ArithmeticException> but was: <java.lang.ClassCastException>
	at org.junit.jupiter.api.AssertionFailureBuilder.build(AssertionFailureBuilder.java:151)
	at org.junit.jupiter.api.AssertThrows.assertThrows(AssertThrows.java:67)
	at org.junit.jupiter.api.AssertThrows.assertThrows(AssertThrows.java:35)
	at org.junit.jupiter.api.Assertions.assertThrows(Assertions.java:3128)
	at org.example.ExpenseRecordServiceImplTest.page_invalidPageSizeZero(ExpenseRecordServiceImplTest.java:64)
	at java.base/java.lang.reflect.Method.invoke(Method.java:568)
	at java.base/java.util.ArrayList.forEach(ArrayList.java:1511)
	at java.base/java.util.ArrayList.forEach(ArrayList.java:1511)
Caused by: java.lang.ClassCastException: class java.util.LinkedList cannot be cast to class com.github.pagehelper.Page (java.util.LinkedList is in module java.base of loader 'bootstrap'; com.github.pagehelper.Page is in unnamed module of loader 'app')
	at org.example.service.Impl.ExpenseRecordServiceImpl.page(ExpenseRecordServiceImpl.java:29)
	at org.example.ExpenseRecordServiceImplTest.lambda$page_invalidPageSizeZero$0(ExpenseRecordServiceImplTest.java:65)
	at org.junit.jupiter.api.AssertThrows.assertThrows(AssertThrows.java:53)
	... 6 more

