<?xml version="1.0" encoding="UTF-8"?>
<testsuite xmlns:xsi="http://www.w3.org/2001/XMLSchema-instance" xsi:noNamespaceSchemaLocation="https://maven.apache.org/surefire/maven-surefire-plugin/xsd/surefire-test-report.xsd" version="3.0.2" name="org.example.ExpenseRecordServiceImplTest" time="12.547" tests="25" errors="4" skipped="0" failures="2">
  <properties>
[...]
</properties>
  <testcase name="page_nullCategory" classname="org.example.ExpenseRecordServiceImplTest" time="0.438">
    <error message="class java.util.ImmutableCollections$ListN cannot be cast to class com.github.pagehelper.Page (java.util.ImmutableCollections$ListN is in module java.base of loader &apos;bootstrap&apos;; com.github.pagehelper.Page is in unnamed module of loader &apos;app&apos;)" type="java.lang.ClassCastException"><![CDATA[java.lang.ClassCastException: class java.util.ImmutableCollections$ListN cannot be cast to class com.github.pagehelper.Page (java.util.ImmutableCollections$ListN is in module java.base of loader 'bootstrap'; com.github.pagehelper.Page is in unnamed module of loader 'app')
	at org.example.service.Impl.ExpenseRecordServiceImpl.page(ExpenseRecordServiceImpl.java:29)
	at org.example.ExpenseRecordServiceImplTest.page_nullCategory(ExpenseRecordServiceImplTest.java:71)
	at java.base/java.lang.reflect.Method.invoke(Method.java:568)
	at java.base/java.util.ArrayList.forEach(ArrayList.java:1511)
	at java.base/java.util.ArrayList.forEach(ArrayList.java:1511)
]]></error>
    <system-out><![CDATA[17:13:00.650 [main] INFO org.springframework.test.context.support.AnnotationConfigContextLoaderUtils -- Could not detect default configuration classes for test class [org.example.ExpenseRecordServiceImplTest]: ExpenseRecordServiceImplTest does not declare any static, non-private, non-final, nested classes annotated with @Configuration.
17:13:00.957 [main] INFO org.springframework.boot.test.context.SpringBootTestContextBootstrapper -- Found @SpringBootConfiguration org.example.SpringbootMybatisDemoApplication for test class org.example.ExpenseRecordServiceImplTest

  .   ____          _            __ _ _
 /\\ / ___'_ __ _ _(_)_ __  __ _ \ \ \ \
( ( )\___ | '_ | '_| | '_ \/ _` | \ \ \ \
 \\/  ___)| |_)| | | | | || (_| |  ) ) ) )
  '  |____| .__|_| |_|_| |_\__, | / / / /
 =========|_|==============|___/=/_/_/_/

 :: Spring Boot ::                (v3.4.3)

2025-06-20T17:13:02.099+08:00  INFO 22612 --- [helper] [           main] o.example.ExpenseRecordServiceImplTest   : Starting ExpenseRecordServiceImplTest using Java 17.0.9 with PID 22612 (started by 86138 in E:\helper)
2025-06-20T17:13:02.103+08:00  INFO 22612 --- [helper] [           main] o.example.ExpenseRecordServiceImplTest   : No active profile set, falling back to 1 default profile: "default"
2025-06-20T17:13:03.670+08:00  INFO 22612 --- [helper] [           main] .s.d.r.c.RepositoryConfigurationDelegate : Multiple Spring Data modules found, entering strict repository configuration mode
2025-06-20T17:13:03.679+08:00  INFO 22612 --- [helper] [           main] .s.d.r.c.RepositoryConfigurationDelegate : Bootstrapping Spring Data Redis repositories in DEFAULT mode.
2025-06-20T17:13:03.744+08:00  INFO 22612 --- [helper] [           main] .s.d.r.c.RepositoryConfigurationDelegate : Finished Spring Data repository scanning in 17 ms. Found 0 Redis repository interfaces.
Logging initialized using 'class org.apache.ibatis.logging.stdout.StdOutImpl' adapter.


,------.                           ,--.  ,--.         ,--.                         
|  .--. '  ,--,--.  ,---.   ,---.  |  '--'  |  ,---.  |  |  ,---.   ,---.  ,--.--. 
|  '--' | ' ,-.  | | .-. | | .-. : |  .--.  | | .-. : |  | | .-. | | .-. : |  .--' 
|  | --'  \ '-'  | ' '-' ' \   --. |  |  |  | \   --. |  | | '-' ' \   --. |  |    
`--'       `--`--' .`-  /   `----' `--'  `--'  `----' `--' |  |-'   `----' `--'    
                   `---'                                   `--'                        is intercepting.

2025-06-20T17:13:08.568+08:00  INFO 22612 --- [helper] [           main] o.example.ExpenseRecordServiceImplTest   : Started ExpenseRecordServiceImplTest in 7.219 seconds (process running for 9.834)
]]></system-out>
  </testcase>
  <testcase name="add_zeroAmount" classname="org.example.ExpenseRecordServiceImplTest" time="0.051"/>
  <testcase name="add_nullDescription" classname="org.example.ExpenseRecordServiceImplTest" time="0.015"/>
  <testcase name="update_nullId" classname="org.example.ExpenseRecordServiceImplTest" time="0.015"/>
  <testcase name="update_existingRecord" classname="org.example.ExpenseRecordServiceImplTest" time="0.015"/>
  <testcase name="get_existingId" classname="org.example.ExpenseRecordServiceImplTest" time="0.067"/>
  <testcase name="add_validExpense" classname="org.example.ExpenseRecordServiceImplTest" time="0.02"/>
  <testcase name="get_negativeId" classname="org.example.ExpenseRecordServiceImplTest" time="0.015"/>
  <testcase name="get_nonexistentId" classname="org.example.ExpenseRecordServiceImplTest" time="0.021"/>
  <testcase name="add_negativeAmount" classname="org.example.ExpenseRecordServiceImplTest" time="0.017"/>
  <testcase name="page_emptyResult" classname="org.example.ExpenseRecordServiceImplTest" time="0.02">
    <error message="class java.util.LinkedList cannot be cast to class com.github.pagehelper.Page (java.util.LinkedList is in module java.base of loader &apos;bootstrap&apos;; com.github.pagehelper.Page is in unnamed module of loader &apos;app&apos;)" type="java.lang.ClassCastException"><![CDATA[java.lang.ClassCastException: class java.util.LinkedList cannot be cast to class com.github.pagehelper.Page (java.util.LinkedList is in module java.base of loader 'bootstrap'; com.github.pagehelper.Page is in unnamed module of loader 'app')
	at org.example.service.Impl.ExpenseRecordServiceImpl.page(ExpenseRecordServiceImpl.java:29)
	at org.example.ExpenseRecordServiceImplTest.page_emptyResult(ExpenseRecordServiceImplTest.java:50)
	at java.base/java.lang.reflect.Method.invoke(Method.java:568)
	at java.base/java.util.ArrayList.forEach(ArrayList.java:1511)
	at java.base/java.util.ArrayList.forEach(ArrayList.java:1511)
]]></error>
  </testcase>
  <testcase name="update_emptyDescription" classname="org.example.ExpenseRecordServiceImplTest" time="0.016"/>
  <testcase name="delete_existingId" classname="org.example.ExpenseRecordServiceImplTest" time="0.016"/>
  <testcase name="delete_nullId" classname="org.example.ExpenseRecordServiceImplTest" time="0.021">
    <failure message="Expected java.lang.NullPointerException to be thrown, but nothing was thrown." type="org.opentest4j.AssertionFailedError"><![CDATA[org.opentest4j.AssertionFailedError: Expected java.lang.NullPointerException to be thrown, but nothing was thrown.
	at org.junit.jupiter.api.AssertionFailureBuilder.build(AssertionFailureBuilder.java:152)
	at org.junit.jupiter.api.AssertThrows.assertThrows(AssertThrows.java:73)
	at org.junit.jupiter.api.AssertThrows.assertThrows(AssertThrows.java:35)
	at org.junit.jupiter.api.Assertions.assertThrows(Assertions.java:3128)
	at org.example.ExpenseRecordServiceImplTest.delete_nullId(ExpenseRecordServiceImplTest.java:138)
	at java.base/java.lang.reflect.Method.invoke(Method.java:568)
	at java.base/java.util.ArrayList.forEach(ArrayList.java:1511)
	at java.base/java.util.ArrayList.forEach(ArrayList.java:1511)
]]></failure>
  </testcase>
  <testcase name="delete_negativeId" classname="org.example.ExpenseRecordServiceImplTest" time="0.01"/>
  <testcase name="get_largeId" classname="org.example.ExpenseRecordServiceImplTest" time="0.012"/>
  <testcase name="delete_zeroId" classname="org.example.ExpenseRecordServiceImplTest" time="0.01"/>
  <testcase name="page_boundaryMinMax" classname="org.example.ExpenseRecordServiceImplTest" time="0.012">
    <error message="class java.util.LinkedList cannot be cast to class com.github.pagehelper.Page (java.util.LinkedList is in module java.base of loader &apos;bootstrap&apos;; com.github.pagehelper.Page is in unnamed module of loader &apos;app&apos;)" type="java.lang.ClassCastException"><![CDATA[java.lang.ClassCastException: class java.util.LinkedList cannot be cast to class com.github.pagehelper.Page (java.util.LinkedList is in module java.base of loader 'bootstrap'; com.github.pagehelper.Page is in unnamed module of loader 'app')
	at org.example.service.Impl.ExpenseRecordServiceImpl.page(ExpenseRecordServiceImpl.java:29)
	at org.example.ExpenseRecordServiceImplTest.page_boundaryMinMax(ExpenseRecordServiceImplTest.java:58)
	at java.base/java.lang.reflect.Method.invoke(Method.java:568)
	at java.base/java.util.ArrayList.forEach(ArrayList.java:1511)
	at java.base/java.util.ArrayList.forEach(ArrayList.java:1511)
]]></error>
  </testcase>
  <testcase name="delete_largeId" classname="org.example.ExpenseRecordServiceImplTest" time="0.009"/>
  <testcase name="update_largeAmount" classname="org.example.ExpenseRecordServiceImplTest" time="0.01"/>
  <testcase name="page_validRange" classname="org.example.ExpenseRecordServiceImplTest" time="0.015">
    <error message="class java.util.LinkedList cannot be cast to class com.github.pagehelper.Page (java.util.LinkedList is in module java.base of loader &apos;bootstrap&apos;; com.github.pagehelper.Page is in unnamed module of loader &apos;app&apos;)" type="java.lang.ClassCastException"><![CDATA[java.lang.ClassCastException: class java.util.LinkedList cannot be cast to class com.github.pagehelper.Page (java.util.LinkedList is in module java.base of loader 'bootstrap'; com.github.pagehelper.Page is in unnamed module of loader 'app')
	at org.example.service.Impl.ExpenseRecordServiceImpl.page(ExpenseRecordServiceImpl.java:29)
	at org.example.ExpenseRecordServiceImplTest.page_validRange(ExpenseRecordServiceImplTest.java:42)
	at java.base/java.lang.reflect.Method.invoke(Method.java:568)
	at java.base/java.util.ArrayList.forEach(ArrayList.java:1511)
	at java.base/java.util.ArrayList.forEach(ArrayList.java:1511)
]]></error>
  </testcase>
  <testcase name="add_futureDate" classname="org.example.ExpenseRecordServiceImplTest" time="0.01"/>
  <testcase name="update_nullCategory" classname="org.example.ExpenseRecordServiceImplTest" time="0.01"/>
  <testcase name="get_zeroId" classname="org.example.ExpenseRecordServiceImplTest" time="0.009"/>
  <testcase name="page_invalidPageSizeZero" classname="org.example.ExpenseRecordServiceImplTest" time="0.016">
    <failure message="Unexpected exception type thrown, expected: &lt;java.lang.ArithmeticException&gt; but was: &lt;java.lang.ClassCastException&gt;" type="org.opentest4j.AssertionFailedError"><![CDATA[org.opentest4j.AssertionFailedError: Unexpected exception type thrown, expected: <java.lang.ArithmeticException> but was: <java.lang.ClassCastException>
	at org.junit.jupiter.api.AssertionFailureBuilder.build(AssertionFailureBuilder.java:151)
	at org.junit.jupiter.api.AssertThrows.assertThrows(AssertThrows.java:67)
	at org.junit.jupiter.api.AssertThrows.assertThrows(AssertThrows.java:35)
	at org.junit.jupiter.api.Assertions.assertThrows(Assertions.java:3128)
	at org.example.ExpenseRecordServiceImplTest.page_invalidPageSizeZero(ExpenseRecordServiceImplTest.java:64)
	at java.base/java.lang.reflect.Method.invoke(Method.java:568)
	at java.base/java.util.ArrayList.forEach(ArrayList.java:1511)
	at java.base/java.util.ArrayList.forEach(ArrayList.java:1511)
Caused by: java.lang.ClassCastException: class java.util.LinkedList cannot be cast to class com.github.pagehelper.Page (java.util.LinkedList is in module java.base of loader 'bootstrap'; com.github.pagehelper.Page is in unnamed module of loader 'app')
	at org.example.service.Impl.ExpenseRecordServiceImpl.page(ExpenseRecordServiceImpl.java:29)
	at org.example.ExpenseRecordServiceImplTest.lambda$page_invalidPageSizeZero$0(ExpenseRecordServiceImplTest.java:65)
	at org.junit.jupiter.api.AssertThrows.assertThrows(AssertThrows.java:53)
	... 6 more
]]></failure>
  </testcase>
</testsuite>