<?xml version="1.0" encoding="UTF-8"?>
<testsuite xmlns:xsi="http://www.w3.org/2001/XMLSchema-instance" xsi:noNamespaceSchemaLocation="https://maven.apache.org/surefire/maven-surefire-plugin/xsd/surefire-test-report.xsd" version="3.0.2" name="org.example.LifeRecordServiceImplTest" time="0.029" tests="12" errors="0" skipped="0" failures="0">
  <properties>
[...]
</properties>
  <testcase name="testPageEmptyResult" classname="org.example.LifeRecordServiceImplTest" time="0.014"/>
  <testcase name="testGetByIdNotFound" classname="org.example.LifeRecordServiceImplTest" time="0.002"/>
  <testcase name="testAdd" classname="org.example.LifeRecordServiceImplTest" time="0.002"/>
  <testcase name="testUpdateWithNullLifeRecord" classname="org.example.LifeRecordServiceImplTest" time="0.001"/>
  <testcase name="testPage" classname="org.example.LifeRecordServiceImplTest" time="0.001"/>
  <testcase name="testGetById" classname="org.example.LifeRecordServiceImplTest" time="0.0"/>
  <testcase name="testGetByIdWithNullId" classname="org.example.LifeRecordServiceImplTest" time="0.001"/>
  <testcase name="testDeleteByIdWithNullId" classname="org.example.LifeRecordServiceImplTest" time="0.001"/>
  <testcase name="testPageWithNullTitle" classname="org.example.LifeRecordServiceImplTest" time="0.001"/>
  <testcase name="testDeleteById" classname="org.example.LifeRecordServiceImplTest" time="0.001"/>
  <testcase name="testAddWithNullLifeRecord" classname="org.example.LifeRecordServiceImplTest" time="0.001"/>
  <testcase name="testUpdate" classname="org.example.LifeRecordServiceImplTest" time="0.001"/>
</testsuite>