<?xml version="1.0" encoding="UTF-8"?>
<testsuite xmlns:xsi="http://www.w3.org/2001/XMLSchema-instance" xsi:noNamespaceSchemaLocation="https://maven.apache.org/surefire/maven-surefire-plugin/xsd/surefire-test-report.xsd" version="3.0.2" name="org.example.HealthInfoServiceImplTest" time="0.21" tests="25" errors="4" skipped="0" failures="4">
  <properties>
[...]
</properties>
  <testcase name="page_futureDateTime" classname="org.example.HealthInfoServiceImplTest" time="0.107">
    <error message="class java.util.ImmutableCollections$List12 cannot be cast to class com.github.pagehelper.Page (java.util.ImmutableCollections$List12 is in module java.base of loader &apos;bootstrap&apos;; com.github.pagehelper.Page is in unnamed module of loader &apos;app&apos;)" type="java.lang.ClassCastException"><![CDATA[java.lang.ClassCastException: class java.util.ImmutableCollections$List12 cannot be cast to class com.github.pagehelper.Page (java.util.ImmutableCollections$List12 is in module java.base of loader 'bootstrap'; com.github.pagehelper.Page is in unnamed module of loader 'app')
	at org.example.service.Impl.HealthInfoServiceImpl.page(HealthInfoServiceImpl.java:49)
	at org.example.HealthInfoServiceImplTest.page_futureDateTime(HealthInfoServiceImplTest.java:194)
	at java.base/java.lang.reflect.Method.invoke(Method.java:568)
	at java.base/java.util.ArrayList.forEach(ArrayList.java:1511)
	at java.base/java.util.ArrayList.forEach(ArrayList.java:1511)
]]></error>
  </testcase>
  <testcase name="add_validHealthInfo" classname="org.example.HealthInfoServiceImplTest" time="0.012">
    <error message="&#10;Only void methods can doNothing()!&#10;Example of correct use of doNothing():&#10;    doNothing().&#10;    doThrow(new RuntimeException())&#10;    .when(mock).someVoidMethod();&#10;Above means:&#10;someVoidMethod() does nothing the 1st time but throws an exception the 2nd time is called" type="org.mockito.exceptions.base.MockitoException"><![CDATA[org.mockito.exceptions.base.MockitoException: 

Only void methods can doNothing()!
Example of correct use of doNothing():
    doNothing().
    doThrow(new RuntimeException())
    .when(mock).someVoidMethod();
Above means:
someVoidMethod() does nothing the 1st time but throws an exception the 2nd time is called
	at org.example.HealthInfoServiceImplTest.add_validHealthInfo(HealthInfoServiceImplTest.java:37)
	at java.base/java.lang.reflect.Method.invoke(Method.java:568)
	at java.base/java.util.ArrayList.forEach(ArrayList.java:1511)
	at java.base/java.util.ArrayList.forEach(ArrayList.java:1511)
]]></error>
  </testcase>
  <testcase name="update_emptyDate" classname="org.example.HealthInfoServiceImplTest" time="0.004"/>
  <testcase name="page_validRequest" classname="org.example.HealthInfoServiceImplTest" time="0.004">
    <error message="class java.util.ImmutableCollections$List12 cannot be cast to class com.github.pagehelper.Page (java.util.ImmutableCollections$List12 is in module java.base of loader &apos;bootstrap&apos;; com.github.pagehelper.Page is in unnamed module of loader &apos;app&apos;)" type="java.lang.ClassCastException"><![CDATA[java.lang.ClassCastException: class java.util.ImmutableCollections$List12 cannot be cast to class com.github.pagehelper.Page (java.util.ImmutableCollections$List12 is in module java.base of loader 'bootstrap'; com.github.pagehelper.Page is in unnamed module of loader 'app')
	at org.example.service.Impl.HealthInfoServiceImpl.page(HealthInfoServiceImpl.java:49)
	at org.example.HealthInfoServiceImplTest.page_validRequest(HealthInfoServiceImplTest.java:170)
	at java.base/java.lang.reflect.Method.invoke(Method.java:568)
	at java.base/java.util.ArrayList.forEach(ArrayList.java:1511)
	at java.base/java.util.ArrayList.forEach(ArrayList.java:1511)
]]></error>
  </testcase>
  <testcase name="add_emptyDescription" classname="org.example.HealthInfoServiceImplTest" time="0.002"/>
  <testcase name="update_nullId" classname="org.example.HealthInfoServiceImplTest" time="0.003"/>
  <testcase name="update_nullDescription" classname="org.example.HealthInfoServiceImplTest" time="0.002"/>
  <testcase name="add_extremeStatus" classname="org.example.HealthInfoServiceImplTest" time="0.003"/>
  <testcase name="get_existingId" classname="org.example.HealthInfoServiceImplTest" time="0.003"/>
  <testcase name="page_invalidPageZero" classname="org.example.HealthInfoServiceImplTest" time="0.006">
    <failure message="Unexpected exception type thrown, expected: &lt;java.lang.ArithmeticException&gt; but was: &lt;java.lang.ClassCastException&gt;" type="org.opentest4j.AssertionFailedError"><![CDATA[org.opentest4j.AssertionFailedError: Unexpected exception type thrown, expected: <java.lang.ArithmeticException> but was: <java.lang.ClassCastException>
	at org.junit.jupiter.api.AssertionFailureBuilder.build(AssertionFailureBuilder.java:151)
	at org.junit.jupiter.api.AssertThrows.assertThrows(AssertThrows.java:67)
	at org.junit.jupiter.api.AssertThrows.assertThrows(AssertThrows.java:35)
	at org.junit.jupiter.api.Assertions.assertThrows(Assertions.java:3128)
	at org.example.HealthInfoServiceImplTest.page_invalidPageZero(HealthInfoServiceImplTest.java:183)
	at java.base/java.lang.reflect.Method.invoke(Method.java:568)
	at java.base/java.util.ArrayList.forEach(ArrayList.java:1511)
	at java.base/java.util.ArrayList.forEach(ArrayList.java:1511)
Caused by: java.lang.ClassCastException: class java.util.LinkedList cannot be cast to class com.github.pagehelper.Page (java.util.LinkedList is in module java.base of loader 'bootstrap'; com.github.pagehelper.Page is in unnamed module of loader 'app')
	at org.example.service.Impl.HealthInfoServiceImpl.page(HealthInfoServiceImpl.java:49)
	at org.example.HealthInfoServiceImplTest.lambda$page_invalidPageZero$2(HealthInfoServiceImplTest.java:183)
	at org.junit.jupiter.api.AssertThrows.assertThrows(AssertThrows.java:53)
	... 6 more
]]></failure>
  </testcase>
  <testcase name="get_negativeId" classname="org.example.HealthInfoServiceImplTest" time="0.003"/>
  <testcase name="page_emptyResult" classname="org.example.HealthInfoServiceImplTest" time="0.002">
    <error message="class java.util.Collections$EmptyList cannot be cast to class com.github.pagehelper.Page (java.util.Collections$EmptyList is in module java.base of loader &apos;bootstrap&apos;; com.github.pagehelper.Page is in unnamed module of loader &apos;app&apos;)" type="java.lang.ClassCastException"><![CDATA[java.lang.ClassCastException: class java.util.Collections$EmptyList cannot be cast to class com.github.pagehelper.Page (java.util.Collections$EmptyList is in module java.base of loader 'bootstrap'; com.github.pagehelper.Page is in unnamed module of loader 'app')
	at org.example.service.Impl.HealthInfoServiceImpl.page(HealthInfoServiceImpl.java:49)
	at org.example.HealthInfoServiceImplTest.page_emptyResult(HealthInfoServiceImplTest.java:177)
	at java.base/java.lang.reflect.Method.invoke(Method.java:568)
	at java.base/java.util.ArrayList.forEach(ArrayList.java:1511)
	at java.base/java.util.ArrayList.forEach(ArrayList.java:1511)
]]></error>
  </testcase>
  <testcase name="add_negativeStatus" classname="org.example.HealthInfoServiceImplTest" time="0.003"/>
  <testcase name="delete_nullId" classname="org.example.HealthInfoServiceImplTest" time="0.003">
    <failure message="Expected java.lang.NullPointerException to be thrown, but nothing was thrown." type="org.opentest4j.AssertionFailedError"><![CDATA[org.opentest4j.AssertionFailedError: Expected java.lang.NullPointerException to be thrown, but nothing was thrown.
	at org.junit.jupiter.api.AssertionFailureBuilder.build(AssertionFailureBuilder.java:152)
	at org.junit.jupiter.api.AssertThrows.assertThrows(AssertThrows.java:73)
	at org.junit.jupiter.api.AssertThrows.assertThrows(AssertThrows.java:35)
	at org.junit.jupiter.api.Assertions.assertThrows(Assertions.java:3128)
	at org.example.HealthInfoServiceImplTest.delete_nullId(HealthInfoServiceImplTest.java:97)
	at java.base/java.lang.reflect.Method.invoke(Method.java:568)
	at java.base/java.util.ArrayList.forEach(ArrayList.java:1511)
	at java.base/java.util.ArrayList.forEach(ArrayList.java:1511)
]]></failure>
  </testcase>
  <testcase name="delete_negativeId" classname="org.example.HealthInfoServiceImplTest" time="0.004"/>
  <testcase name="get_largeId" classname="org.example.HealthInfoServiceImplTest" time="0.003"/>
  <testcase name="delete_zeroId" classname="org.example.HealthInfoServiceImplTest" time="0.002"/>
  <testcase name="delete_largeId" classname="org.example.HealthInfoServiceImplTest" time="0.004"/>
  <testcase name="add_nullDate" classname="org.example.HealthInfoServiceImplTest" time="0.004"/>
  <testcase name="delete_validId" classname="org.example.HealthInfoServiceImplTest" time="0.003"/>
  <testcase name="get_nullId" classname="org.example.HealthInfoServiceImplTest" time="0.003">
    <failure message="Expected java.lang.NullPointerException to be thrown, but nothing was thrown." type="org.opentest4j.AssertionFailedError"><![CDATA[org.opentest4j.AssertionFailedError: Expected java.lang.NullPointerException to be thrown, but nothing was thrown.
	at org.junit.jupiter.api.AssertionFailureBuilder.build(AssertionFailureBuilder.java:152)
	at org.junit.jupiter.api.AssertThrows.assertThrows(AssertThrows.java:73)
	at org.junit.jupiter.api.AssertThrows.assertThrows(AssertThrows.java:35)
	at org.junit.jupiter.api.Assertions.assertThrows(Assertions.java:3128)
	at org.example.HealthInfoServiceImplTest.get_nullId(HealthInfoServiceImplTest.java:163)
	at java.base/java.lang.reflect.Method.invoke(Method.java:568)
	at java.base/java.util.ArrayList.forEach(ArrayList.java:1511)
	at java.base/java.util.ArrayList.forEach(ArrayList.java:1511)
]]></failure>
  </testcase>
  <testcase name="get_zeroId" classname="org.example.HealthInfoServiceImplTest" time="0.003"/>
  <testcase name="update_normalUpdate" classname="org.example.HealthInfoServiceImplTest" time="0.002"/>
  <testcase name="update_longDescription" classname="org.example.HealthInfoServiceImplTest" time="0.002"/>
  <testcase name="page_invalidPageSizeZero" classname="org.example.HealthInfoServiceImplTest" time="0.006">
    <failure message="Unexpected exception type thrown, expected: &lt;java.lang.ArithmeticException&gt; but was: &lt;java.lang.ClassCastException&gt;" type="org.opentest4j.AssertionFailedError"><![CDATA[org.opentest4j.AssertionFailedError: Unexpected exception type thrown, expected: <java.lang.ArithmeticException> but was: <java.lang.ClassCastException>
	at org.junit.jupiter.api.AssertionFailureBuilder.build(AssertionFailureBuilder.java:151)
	at org.junit.jupiter.api.AssertThrows.assertThrows(AssertThrows.java:67)
	at org.junit.jupiter.api.AssertThrows.assertThrows(AssertThrows.java:35)
	at org.junit.jupiter.api.Assertions.assertThrows(Assertions.java:3128)
	at org.example.HealthInfoServiceImplTest.page_invalidPageSizeZero(HealthInfoServiceImplTest.java:188)
	at java.base/java.lang.reflect.Method.invoke(Method.java:568)
	at java.base/java.util.ArrayList.forEach(ArrayList.java:1511)
	at java.base/java.util.ArrayList.forEach(ArrayList.java:1511)
Caused by: java.lang.ClassCastException: class java.util.LinkedList cannot be cast to class com.github.pagehelper.Page (java.util.LinkedList is in module java.base of loader 'bootstrap'; com.github.pagehelper.Page is in unnamed module of loader 'app')
	at org.example.service.Impl.HealthInfoServiceImpl.page(HealthInfoServiceImpl.java:49)
	at org.example.HealthInfoServiceImplTest.lambda$page_invalidPageSizeZero$3(HealthInfoServiceImplTest.java:188)
	at org.junit.jupiter.api.AssertThrows.assertThrows(AssertThrows.java:53)
	... 6 more
]]></failure>
  </testcase>
</testsuite>